<?xml version="1.0" encoding="UTF-8"?>
<testng-results ignored="0" total="3" passed="2" failed="1" skipped="0">
  <reporter-output>
  </reporter-output>
  <suite started-at="2021-04-25T16:17:06 IST" name="Suite" finished-at="2021-04-25T16:17:43 IST" duration-ms="36951">
    <groups>
    </groups>
    <test started-at="2021-04-25T16:17:06 IST" name="Test1" finished-at="2021-04-25T16:17:28 IST" duration-ms="21695">
      <class name="mavenProject.E2EProject.HomePage">
        <test-method is-config="true" signature="initialize()[pri:0, instance:mavenProject.E2EProject.HomePage@76a82f33]" started-at="2021-04-25T16:17:06 IST" name="initialize" finished-at="2021-04-25T16:17:13 IST" duration-ms="7248" status="PASS">
          <reporter-output>
          </reporter-output>
        </test-method> <!-- initialize -->
        <test-method signature="homePageNavigation(java.lang.String,java.lang.String)[pri:0, instance:mavenProject.E2EProject.HomePage@76a82f33]" started-at="2021-04-25T16:17:13 IST" name="homePageNavigation" data-provider="getData" finished-at="2021-04-25T16:17:22 IST" duration-ms="8543" status="PASS">
          <params>
            <param index="0">
              <value>
                <![CDATA[user1@qq.qq]]>
              </value>
            </param>
            <param index="1">
              <value>
                <![CDATA[password1]]>
              </value>
            </param>
          </params>
          <reporter-output>
          </reporter-output>
        </test-method> <!-- homePageNavigation -->
        <test-method signature="homePageNavigation(java.lang.String,java.lang.String)[pri:0, instance:mavenProject.E2EProject.HomePage@76a82f33]" started-at="2021-04-25T16:17:22 IST" name="homePageNavigation" data-provider="getData" finished-at="2021-04-25T16:17:28 IST" duration-ms="5553" status="PASS">
          <params>
            <param index="0">
              <value>
                <![CDATA[user2@qq.qq]]>
              </value>
            </param>
            <param index="1">
              <value>
                <![CDATA[password2]]>
              </value>
            </param>
          </params>
          <reporter-output>
          </reporter-output>
        </test-method> <!-- homePageNavigation -->
        <test-method is-config="true" signature="teardown()[pri:0, instance:mavenProject.E2EProject.HomePage@76a82f33]" started-at="2021-04-25T16:17:28 IST" name="teardown" finished-at="2021-04-25T16:17:28 IST" duration-ms="287" status="PASS">
          <reporter-output>
          </reporter-output>
        </test-method> <!-- teardown -->
      </class> <!-- mavenProject.E2EProject.HomePage -->
    </test> <!-- Test1 -->
    <test started-at="2021-04-25T16:17:29 IST" name="Test2" finished-at="2021-04-25T16:17:43 IST" duration-ms="14342">
      <class name="mavenProject.E2EProject.HomePageTitle">
        <test-method is-config="true" signature="initialize()[pri:0, instance:mavenProject.E2EProject.HomePageTitle@22c86919]" started-at="2021-04-25T16:17:29 IST" name="initialize" finished-at="2021-04-25T16:17:35 IST" duration-ms="6055" status="PASS">
          <reporter-output>
          </reporter-output>
        </test-method> <!-- initialize -->
        <test-method signature="validateTitle()[pri:0, instance:mavenProject.E2EProject.HomePageTitle@22c86919]" started-at="2021-04-25T16:17:35 IST" name="validateTitle" finished-at="2021-04-25T16:17:42 IST" duration-ms="6704" status="FAIL">
          <exception class="java.lang.AssertionError">
            <message>
              <![CDATA[expected [FEATURED COURSES123] but found [FEATURED COURSES]]]>
            </message>
            <full-stacktrace>
              <![CDATA[java.lang.AssertionError: expected [FEATURED COURSES123] but found [FEATURED COURSES]
at org.testng.Assert.fail(Assert.java:99)
at org.testng.Assert.failNotEquals(Assert.java:1037)
at org.testng.Assert.assertEqualsImpl(Assert.java:140)
at org.testng.Assert.assertEquals(Assert.java:122)
at org.testng.Assert.assertEquals(Assert.java:629)
at org.testng.Assert.assertEquals(Assert.java:639)
at mavenProject.E2EProject.HomePageTitle.validateTitle(HomePageTitle.java:36)
at java.base/jdk.internal.reflect.NativeMethodAccessorImpl.invoke0(Native Method)
at java.base/jdk.internal.reflect.NativeMethodAccessorImpl.invoke(NativeMethodAccessorImpl.java:64)
at java.base/jdk.internal.reflect.DelegatingMethodAccessorImpl.invoke(DelegatingMethodAccessorImpl.java:43)
at java.base/java.lang.reflect.Method.invoke(Method.java:564)
at org.testng.internal.MethodInvocationHelper.invokeMethod(MethodInvocationHelper.java:133)
at org.testng.internal.TestInvoker.invokeMethod(TestInvoker.java:598)
at org.testng.internal.TestInvoker.invokeTestMethod(TestInvoker.java:173)
at org.testng.internal.MethodRunner.runInSequence(MethodRunner.java:46)
at org.testng.internal.TestInvoker$MethodInvocationAgent.invoke(TestInvoker.java:824)
at org.testng.internal.TestInvoker.invokeTestMethods(TestInvoker.java:146)
at org.testng.internal.TestMethodWorker.invokeTestMethods(TestMethodWorker.java:146)
at org.testng.internal.TestMethodWorker.run(TestMethodWorker.java:128)
at java.base/java.util.ArrayList.forEach(ArrayList.java:1511)
at org.testng.TestRunner.privateRun(TestRunner.java:794)
at org.testng.TestRunner.run(TestRunner.java:596)
at org.testng.SuiteRunner.runTest(SuiteRunner.java:377)
at org.testng.SuiteRunner.runSequentially(SuiteRunner.java:371)
at org.testng.SuiteRunner.privateRun(SuiteRunner.java:332)
at org.testng.SuiteRunner.run(SuiteRunner.java:276)
at org.testng.SuiteRunnerWorker.runSuite(SuiteRunnerWorker.java:53)
at org.testng.SuiteRunnerWorker.run(SuiteRunnerWorker.java:96)
at org.testng.TestNG.runSuitesSequentially(TestNG.java:1212)
at org.testng.TestNG.runSuitesLocally(TestNG.java:1134)
at org.testng.TestNG.runSuites(TestNG.java:1063)
at org.testng.TestNG.run(TestNG.java:1031)
at org.testng.remote.AbstractRemoteTestNG.run(AbstractRemoteTestNG.java:115)
at org.testng.remote.RemoteTestNG.initAndRun(RemoteTestNG.java:251)
at org.testng.remote.RemoteTestNG.main(RemoteTestNG.java:77)
]]>
            </full-stacktrace>
          </exception> <!-- java.lang.AssertionError -->
          <reporter-output>
          </reporter-output>
        </test-method> <!-- validateTitle -->
        <test-method is-config="true" signature="teardown()[pri:0, instance:mavenProject.E2EProject.HomePageTitle@22c86919]" started-at="2021-04-25T16:17:43 IST" name="teardown" finished-at="2021-04-25T16:17:43 IST" duration-ms="563" status="PASS">
          <reporter-output>
          </reporter-output>
        </test-method> <!-- teardown -->
      </class> <!-- mavenProject.E2EProject.HomePageTitle -->
    </test> <!-- Test2 -->
  </suite> <!-- Suite -->
</testng-results>
